Added Component: Designator=C1(C0805)
Add component (AddParameter): Name = "Manufacturer"; Value = ""; VariantName = "[No Variations]"
Add component (AddParameter): Name = "Part number"; Value = ""; VariantName = "[No Variations]"
Add component (AddParameter): Name = "Unit price"; Value = ""; VariantName = "[No Variations]"
Add component (AddParameter): Name = "Value"; Value = "100nF"; VariantName = "[No Variations]"
Add component (AddParameter): Name = "Voltage"; Value = "25V"; VariantName = "[No Variations]"
Added Component: Designator=C2(C0805)
Add component (AddParameter): Name = "Manufacturer"; Value = ""; VariantName = "[No Variations]"
Add component (AddParameter): Name = "Part number"; Value = ""; VariantName = "[No Variations]"
Add component (AddParameter): Name = "Unit price"; Value = ""; VariantName = "[No Variations]"
Add component (AddParameter): Name = "Value"; Value = "100nF"; VariantName = "[No Variations]"
Add component (AddParameter): Name = "Voltage"; Value = "25V"; VariantName = "[No Variations]"
Added Component: Designator=C3(C0805)
Add component (AddParameter): Name = "Manufacturer"; Value = ""; VariantName = "[No Variations]"
Add component (AddParameter): Name = "Part number"; Value = ""; VariantName = "[No Variations]"
Add component (AddParameter): Name = "Unit price"; Value = ""; VariantName = "[No Variations]"
Add component (AddParameter): Name = "Value"; Value = "100nF"; VariantName = "[No Variations]"
Add component (AddParameter): Name = "Voltage"; Value = "25V"; VariantName = "[No Variations]"
Added Component: Designator=C4(C0805)
Add component (AddParameter): Name = "Manufacturer"; Value = ""; VariantName = "[No Variations]"
Add component (AddParameter): Name = "Part number"; Value = ""; VariantName = "[No Variations]"
Add component (AddParameter): Name = "Unit price"; Value = ""; VariantName = "[No Variations]"
Add component (AddParameter): Name = "Value"; Value = "100nF"; VariantName = "[No Variations]"
Add component (AddParameter): Name = "Voltage"; Value = "25V"; VariantName = "[No Variations]"
Added Component: Designator=C5(C0805)
Add component (AddParameter): Name = "Manufacturer"; Value = ""; VariantName = "[No Variations]"
Add component (AddParameter): Name = "Part number"; Value = ""; VariantName = "[No Variations]"
Add component (AddParameter): Name = "Unit price"; Value = ""; VariantName = "[No Variations]"
Add component (AddParameter): Name = "Value"; Value = "100nF"; VariantName = "[No Variations]"
Add component (AddParameter): Name = "Voltage"; Value = "25V"; VariantName = "[No Variations]"
Added Component: Designator=C6(C0805)
Add component (AddParameter): Name = "Manufacturer"; Value = ""; VariantName = "[No Variations]"
Add component (AddParameter): Name = "Part number"; Value = ""; VariantName = "[No Variations]"
Add component (AddParameter): Name = "Unit price"; Value = ""; VariantName = "[No Variations]"
Add component (AddParameter): Name = "Value"; Value = "100nF"; VariantName = "[No Variations]"
Add component (AddParameter): Name = "Voltage"; Value = "25V"; VariantName = "[No Variations]"
Added Component: Designator=CN1(TB508-02)
Add component (AddParameter): Name = "Manufacturer"; Value = ""; VariantName = "[No Variations]"
Add component (AddParameter): Name = "Part number"; Value = ""; VariantName = "[No Variations]"
Add component (AddParameter): Name = "Unit price"; Value = ""; VariantName = "[No Variations]"
Add component (AddParameter): Name = "Value"; Value = "TB508-02"; VariantName = "[No Variations]"
Added Component: Designator=CN2(TB508-04)
Add component (AddParameter): Name = "Manufacturer"; Value = ""; VariantName = "[No Variations]"
Add component (AddParameter): Name = "Part number"; Value = ""; VariantName = "[No Variations]"
Add component (AddParameter): Name = "Unit price"; Value = ""; VariantName = "[No Variations]"
Add component (AddParameter): Name = "Value"; Value = "TB-04"; VariantName = "[No Variations]"
Added Component: Designator=D1(LED-0805)
Add component (AddParameter): Name = "Manufacturer"; Value = ""; VariantName = "[No Variations]"
Add component (AddParameter): Name = "Part number"; Value = ""; VariantName = "[No Variations]"
Add component (AddParameter): Name = "Unit price"; Value = ""; VariantName = "[No Variations]"
Add component (AddParameter): Name = "Value"; Value = "LED"; VariantName = "[No Variations]"
Added Component: Designator=D2(LED-0805)
Add component (AddParameter): Name = "Manufacturer"; Value = ""; VariantName = "[No Variations]"
Add component (AddParameter): Name = "Part number"; Value = ""; VariantName = "[No Variations]"
Add component (AddParameter): Name = "Unit price"; Value = ""; VariantName = "[No Variations]"
Add component (AddParameter): Name = "Value"; Value = "LED"; VariantName = "[No Variations]"
Added Component: Designator=D3(LED-0805)
Add component (AddParameter): Name = "Manufacturer"; Value = ""; VariantName = "[No Variations]"
Add component (AddParameter): Name = "Part number"; Value = ""; VariantName = "[No Variations]"
Add component (AddParameter): Name = "Unit price"; Value = ""; VariantName = "[No Variations]"
Add component (AddParameter): Name = "Value"; Value = "LED"; VariantName = "[No Variations]"
Added Component: Designator=IC1(SSOP-28)
Add component (AddParameter): Name = "Manufacturer"; Value = ""; VariantName = "[No Variations]"
Add component (AddParameter): Name = "Part number"; Value = ""; VariantName = "[No Variations]"
Add component (AddParameter): Name = "Unit price"; Value = ""; VariantName = "[No Variations]"
Add component (AddParameter): Name = "Value"; Value = "FT232RL"; VariantName = "[No Variations]"
Added Component: Designator=IC2(SOIC8-N)
Add component (AddParameter): Name = "Manufacturer"; Value = ""; VariantName = "[No Variations]"
Add component (AddParameter): Name = "Part number"; Value = ""; VariantName = "[No Variations]"
Add component (AddParameter): Name = "Unit price"; Value = ""; VariantName = "[No Variations]"
Add component (AddParameter): Name = "Value"; Value = "MAX485"; VariantName = "[No Variations]"
Added Component: Designator=J1(USB-Mini)
Add component (AddParameter): Name = "Manufacturer"; Value = ""; VariantName = "[No Variations]"
Add component (AddParameter): Name = "Part number"; Value = ""; VariantName = "[No Variations]"
Add component (AddParameter): Name = "Unit price"; Value = ""; VariantName = "[No Variations]"
Add component (AddParameter): Name = "Value"; Value = "690-005-299-043"; VariantName = "[No Variations]"
Added Component: Designator=L1(L0805)
Add component (AddParameter): Name = "Core type"; Value = "Ferrite"; VariantName = "[No Variations]"
Add component (AddParameter): Name = "Manufacturer"; Value = ""; VariantName = "[No Variations]"
Add component (AddParameter): Name = "Max. current"; Value = "0.5A"; VariantName = "[No Variations]"
Add component (AddParameter): Name = "Part number"; Value = ""; VariantName = "[No Variations]"
Add component (AddParameter): Name = "Unit price"; Value = "0.1"; VariantName = "[No Variations]"
Add component (AddParameter): Name = "Value"; Value = "10uH"; VariantName = "[No Variations]"
Added Component: Designator=L2(L0805)
Add component (AddParameter): Name = "Core type"; Value = "Ferrite"; VariantName = "[No Variations]"
Add component (AddParameter): Name = "Manufacturer"; Value = ""; VariantName = "[No Variations]"
Add component (AddParameter): Name = "Max. current"; Value = "0.5A"; VariantName = "[No Variations]"
Add component (AddParameter): Name = "Part number"; Value = ""; VariantName = "[No Variations]"
Add component (AddParameter): Name = "Unit price"; Value = "0.1"; VariantName = "[No Variations]"
Add component (AddParameter): Name = "Value"; Value = "10uH"; VariantName = "[No Variations]"
Added Component: Designator=R1(R2512)
Add component (AddParameter): Name = "Manufacturer"; Value = ""; VariantName = "[No Variations]"
Add component (AddParameter): Name = "Part number"; Value = ""; VariantName = "[No Variations]"
Add component (AddParameter): Name = "Power"; Value = "0.125W"; VariantName = "[No Variations]"
Add component (AddParameter): Name = "Unit price"; Value = "0.1"; VariantName = "[No Variations]"
Add component (AddParameter): Name = "Value"; Value = "1k0"; VariantName = "[No Variations]"
Added Component: Designator=R2(R2512)
Add component (AddParameter): Name = "Manufacturer"; Value = ""; VariantName = "[No Variations]"
Add component (AddParameter): Name = "Part number"; Value = ""; VariantName = "[No Variations]"
Add component (AddParameter): Name = "Power"; Value = "0.125W"; VariantName = "[No Variations]"
Add component (AddParameter): Name = "Unit price"; Value = "0.1"; VariantName = "[No Variations]"
Add component (AddParameter): Name = "Value"; Value = "1k0"; VariantName = "[No Variations]"
Added Component: Designator=R3(R2512)
Add component (AddParameter): Name = "Manufacturer"; Value = ""; VariantName = "[No Variations]"
Add component (AddParameter): Name = "Part number"; Value = ""; VariantName = "[No Variations]"
Add component (AddParameter): Name = "Power"; Value = "0.125W"; VariantName = "[No Variations]"
Add component (AddParameter): Name = "Unit price"; Value = "0.1"; VariantName = "[No Variations]"
Add component (AddParameter): Name = "Value"; Value = "1k0"; VariantName = "[No Variations]"
Added Component: Designator=R4(R2512)
Add component (AddParameter): Name = "Manufacturer"; Value = ""; VariantName = "[No Variations]"
Add component (AddParameter): Name = "Part number"; Value = ""; VariantName = "[No Variations]"
Add component (AddParameter): Name = "Power"; Value = "0.125W"; VariantName = "[No Variations]"
Add component (AddParameter): Name = "Unit price"; Value = "0.1"; VariantName = "[No Variations]"
Add component (AddParameter): Name = "Value"; Value = "1k0"; VariantName = "[No Variations]"
Added Component: Designator=R5(R2512)
Add component (AddParameter): Name = "Manufacturer"; Value = ""; VariantName = "[No Variations]"
Add component (AddParameter): Name = "Part number"; Value = ""; VariantName = "[No Variations]"
Add component (AddParameter): Name = "Power"; Value = "0.125W"; VariantName = "[No Variations]"
Add component (AddParameter): Name = "Unit price"; Value = "0.1"; VariantName = "[No Variations]"
Add component (AddParameter): Name = "Value"; Value = "1k0"; VariantName = "[No Variations]"
Added Component: Designator=R6(R2512)
Add component (AddParameter): Name = "Manufacturer"; Value = ""; VariantName = "[No Variations]"
Add component (AddParameter): Name = "Part number"; Value = ""; VariantName = "[No Variations]"
Add component (AddParameter): Name = "Power"; Value = "0.125W"; VariantName = "[No Variations]"
Add component (AddParameter): Name = "Unit price"; Value = "0.1"; VariantName = "[No Variations]"
Add component (AddParameter): Name = "Value"; Value = "1k0"; VariantName = "[No Variations]"
Added Component: Designator=TVS1(SOT143-4)
Add component (AddParameter): Name = "Decription"; Value = ""; VariantName = "[No Variations]"
Add component (AddParameter): Name = "Manufacturer"; Value = ""; VariantName = "[No Variations]"
Add component (AddParameter): Name = "Part number"; Value = ""; VariantName = "[No Variations]"
Add component (AddParameter): Name = "Unit price"; Value = ""; VariantName = "[No Variations]"
Add component (AddParameter): Name = "Value"; Value = "PRTR5V0U2X,215"; VariantName = "[No Variations]"
Added Component: Designator=TVS2(SOD123)
Add component (AddParameter): Name = "Decription"; Value = ""; VariantName = "[No Variations]"
Add component (AddParameter): Name = "Manufacturer"; Value = ""; VariantName = "[No Variations]"
Add component (AddParameter): Name = "Part number"; Value = ""; VariantName = "[No Variations]"
Add component (AddParameter): Name = "Unit price"; Value = ""; VariantName = "[No Variations]"
Add component (AddParameter): Name = "Value"; Value = "SMDJ15A"; VariantName = "[No Variations]"
Added Component: Designator=TVS3(SOD123)
Add component (AddParameter): Name = "Decription"; Value = ""; VariantName = "[No Variations]"
Add component (AddParameter): Name = "Manufacturer"; Value = ""; VariantName = "[No Variations]"
Add component (AddParameter): Name = "Part number"; Value = ""; VariantName = "[No Variations]"
Add component (AddParameter): Name = "Unit price"; Value = ""; VariantName = "[No Variations]"
Add component (AddParameter): Name = "Value"; Value = "SMDJ15A"; VariantName = "[No Variations]"
Added Pin To Net: NetName=+5AUX Pin=CN1-1
Added Net: Name=+5AUX
Added Pin To Net: NetName=+5V0 Pin=C2-2
Added Pin To Net: NetName=+5V0 Pin=C3-1
Added Pin To Net: NetName=+5V0 Pin=D1-2
Added Pin To Net: NetName=+5V0 Pin=D2-2
Added Pin To Net: NetName=+5V0 Pin=D3-2
Added Pin To Net: NetName=+5V0 Pin=IC1-4
Added Pin To Net: NetName=+5V0 Pin=IC1-19
Added Pin To Net: NetName=+5V0 Pin=IC1-20
Added Pin To Net: NetName=+5V0 Pin=IC2-8
Added Pin To Net: NetName=+5V0 Pin=L1-2
Added Pin To Net: NetName=+5V0 Pin=R1-2
Added Net: Name=+5V0
Added Pin To Net: NetName=GND Pin=C1-1
Added Pin To Net: NetName=GND Pin=C2-1
Added Pin To Net: NetName=GND Pin=C3-2
Added Pin To Net: NetName=GND Pin=C4-1
Added Pin To Net: NetName=GND Pin=C5-1
Added Pin To Net: NetName=GND Pin=C6-1
Added Pin To Net: NetName=GND Pin=CN1-2
Added Pin To Net: NetName=GND Pin=IC1-7
Added Pin To Net: NetName=GND Pin=IC1-18
Added Pin To Net: NetName=GND Pin=IC1-21
Added Pin To Net: NetName=GND Pin=IC1-25
Added Pin To Net: NetName=GND Pin=IC1-26
Added Pin To Net: NetName=GND Pin=IC2-5
Added Pin To Net: NetName=GND Pin=J1-5
Added Pin To Net: NetName=GND Pin=L2-1
Added Pin To Net: NetName=GND Pin=R3-1
Added Pin To Net: NetName=GND Pin=R4-1
Added Pin To Net: NetName=GND Pin=TVS1-1
Added Pin To Net: NetName=GND Pin=TVS2-2
Added Pin To Net: NetName=GND Pin=TVS3-2
Added Net: Name=GND
Added Pin To Net: NetName=NetC1_2 Pin=C1-2
Added Pin To Net: NetName=NetC1_2 Pin=J1-1
Added Pin To Net: NetName=NetC1_2 Pin=L1-1
Added Pin To Net: NetName=NetC1_2 Pin=TVS1-4
Added Net: Name=NetC1_2
Added Pin To Net: NetName=NetC4_2 Pin=C4-2
Added Pin To Net: NetName=NetC4_2 Pin=IC1-17
Added Net: Name=NetC4_2
Added Pin To Net: NetName=NetCN2_1 Pin=CN2-1
Added Pin To Net: NetName=NetCN2_1 Pin=CN2-2
Added Pin To Net: NetName=NetCN2_1 Pin=IC2-7
Added Pin To Net: NetName=NetCN2_1 Pin=R1-1
Added Pin To Net: NetName=NetCN2_1 Pin=R2-2
Added Pin To Net: NetName=NetCN2_1 Pin=TVS2-1
Added Net: Name=NetCN2_1
Added Pin To Net: NetName=NetCN2_3 Pin=CN2-3
Added Pin To Net: NetName=NetCN2_3 Pin=CN2-4
Added Pin To Net: NetName=NetCN2_3 Pin=IC2-6
Added Pin To Net: NetName=NetCN2_3 Pin=R2-1
Added Pin To Net: NetName=NetCN2_3 Pin=R3-2
Added Pin To Net: NetName=NetCN2_3 Pin=TVS3-1
Added Net: Name=NetCN2_3
Added Pin To Net: NetName=NetD1_1 Pin=D1-1
Added Pin To Net: NetName=NetD1_1 Pin=R4-2
Added Net: Name=NetD1_1
Added Pin To Net: NetName=NetD2_1 Pin=D2-1
Added Pin To Net: NetName=NetD2_1 Pin=R5-2
Added Net: Name=NetD2_1
Added Pin To Net: NetName=NetD3_1 Pin=D3-1
Added Pin To Net: NetName=NetD3_1 Pin=R6-2
Added Net: Name=NetD3_1
Added Pin To Net: NetName=NetIC1_12 Pin=IC1-12
Added Pin To Net: NetName=NetIC1_12 Pin=IC2-2
Added Net: Name=NetIC1_12
Added Pin To Net: NetName=NetIC1_13 Pin=IC1-13
Added Pin To Net: NetName=NetIC1_13 Pin=IC2-3
Added Net: Name=NetIC1_13
Added Pin To Net: NetName=NetIC1_22 Pin=IC1-22
Added Pin To Net: NetName=NetIC1_22 Pin=R6-1
Added Net: Name=NetIC1_22
Added Pin To Net: NetName=NetIC1_23 Pin=IC1-23
Added Pin To Net: NetName=NetIC1_23 Pin=R5-1
Added Net: Name=NetIC1_23
Added Pin To Net: NetName=NetJ1_SHD Pin=J1-SHD
Added Pin To Net: NetName=NetJ1_SHD Pin=J1-SHD
Added Pin To Net: NetName=NetJ1_SHD Pin=J1-SHD
Added Pin To Net: NetName=NetJ1_SHD Pin=J1-SHD
Added Pin To Net: NetName=NetJ1_SHD Pin=L2-2
Added Net: Name=NetJ1_SHD
Added Pin To Net: NetName=rx Pin=IC1-5
Added Pin To Net: NetName=rx Pin=IC2-1
Added Net: Name=rx
Added Pin To Net: NetName=tx Pin=IC1-1
Added Pin To Net: NetName=tx Pin=IC2-4
Added Net: Name=tx
Added Pin To Net: NetName=USB_N Pin=C5-2
Added Pin To Net: NetName=USB_N Pin=IC1-16
Added Pin To Net: NetName=USB_N Pin=J1-2
Added Pin To Net: NetName=USB_N Pin=TVS1-3
Added Net: Name=USB_N
Added Pin To Net: NetName=USB_P Pin=C6-2
Added Pin To Net: NetName=USB_P Pin=IC1-15
Added Pin To Net: NetName=USB_P Pin=J1-3
Added Pin To Net: NetName=USB_P Pin=TVS1-2
Added Net: Name=USB_P
Added Class: Name=main
Added Differential Pair: Name=USB
Added Room: Name=main
