Added Component: Designator=CN?(TB508-02)
Add component (AddParameter): Name = "Manufacturer"; Value = ""; VariantName = "[No Variations]"
Add component (AddParameter): Name = "Part number"; Value = ""; VariantName = "[No Variations]"
Add component (AddParameter): Name = "Unit price"; Value = ""; VariantName = "[No Variations]"
Add component (AddParameter): Name = "Value"; Value = "TB508-02"; VariantName = "[No Variations]"
Added Component: Designator=LM2596?(LM2596 - 3D)
Added Component: Designator=U?(SOT223_4)
Add component (AddParameter): Name = "ASSEMBLY"; Value = ""; VariantName = "[No Variations]"
Add component (AddParameter): Name = "DESC"; Value = ""; VariantName = "[No Variations]"
Add component (AddParameter): Name = "MANF"; Value = "TI, ON, ST"; VariantName = "[No Variations]"
Add component (AddParameter): Name = "MANF_P#"; Value = "LD1117, LM1117, AMS1117, TLV1117, REG1117, NCP1117, LT1117, SPX1117"; VariantName = "[No Variations]"
Add component (AddParameter): Name = "PARAM"; Value = "LDO1V, 0.8A"; VariantName = "[No Variations]"
Add component (AddParameter): Name = "PARAM2"; Value = "1.2/1.5/1.8/2.5/2.85/3.3/5V"; VariantName = "[No Variations]"
Add component (AddParameter): Name = "PRICE"; Value = ""; VariantName = "[No Variations]"
Add component (AddParameter): Name = "VALUE"; Value = "LD1117"; VariantName = "[No Variations]"
Added Pin To Net: NetName=+3.3V Pin=U?-2
Added Pin To Net: NetName=+3.3V Pin=U?-4
Added Net: Name=+3.3V
Added Pin To Net: NetName=GND Pin=CN?-1
Added Pin To Net: NetName=GND Pin=LM2596?-2
Added Pin To Net: NetName=GND Pin=LM2596?-4
Added Pin To Net: NetName=GND Pin=U?-1
Added Net: Name=GND
Added Pin To Net: NetName=NetLM2596?_3 Pin=LM2596?-3
Added Pin To Net: NetName=NetLM2596?_3 Pin=U?-3
Added Net: Name=NetLM2596?_3
Added Pin To Net: NetName=VCC Pin=CN?-2
Added Pin To Net: NetName=VCC Pin=LM2596?-1
Added Net: Name=VCC
Added Class: Name=Sheet1
