Added Component: Designator=CN1(TB508-08)
Add component (AddParameter): Name = "Manufacturer"; Value = ""; VariantName = "[No Variations]"
Add component (AddParameter): Name = "Part number"; Value = ""; VariantName = "[No Variations]"
Add component (AddParameter): Name = "Unit price"; Value = ""; VariantName = "[No Variations]"
Add component (AddParameter): Name = "Value"; Value = "TB08"; VariantName = "[No Variations]"
Added Component: Designator=D1(LED-0805)
Add component (AddParameter): Name = "Manufacturer"; Value = ""; VariantName = "[No Variations]"
Add component (AddParameter): Name = "Part number"; Value = ""; VariantName = "[No Variations]"
Add component (AddParameter): Name = "Unit price"; Value = ""; VariantName = "[No Variations]"
Add component (AddParameter): Name = "Value"; Value = "LED"; VariantName = "[No Variations]"
Added Component: Designator=D2(LED-0805)
Add component (AddParameter): Name = "Manufacturer"; Value = ""; VariantName = "[No Variations]"
Add component (AddParameter): Name = "Part number"; Value = ""; VariantName = "[No Variations]"
Add component (AddParameter): Name = "Unit price"; Value = ""; VariantName = "[No Variations]"
Add component (AddParameter): Name = "Value"; Value = "LED"; VariantName = "[No Variations]"
Added Component: Designator=D3(LED-0805)
Add component (AddParameter): Name = "Manufacturer"; Value = ""; VariantName = "[No Variations]"
Add component (AddParameter): Name = "Part number"; Value = ""; VariantName = "[No Variations]"
Add component (AddParameter): Name = "Unit price"; Value = ""; VariantName = "[No Variations]"
Add component (AddParameter): Name = "Value"; Value = "LED"; VariantName = "[No Variations]"
Added Component: Designator=D4(LED-0805)
Add component (AddParameter): Name = "Manufacturer"; Value = ""; VariantName = "[No Variations]"
Add component (AddParameter): Name = "Part number"; Value = ""; VariantName = "[No Variations]"
Add component (AddParameter): Name = "Unit price"; Value = ""; VariantName = "[No Variations]"
Add component (AddParameter): Name = "Value"; Value = "LED"; VariantName = "[No Variations]"
Added Component: Designator=D5(LED-0805)
Add component (AddParameter): Name = "Manufacturer"; Value = ""; VariantName = "[No Variations]"
Add component (AddParameter): Name = "Part number"; Value = ""; VariantName = "[No Variations]"
Add component (AddParameter): Name = "Unit price"; Value = ""; VariantName = "[No Variations]"
Add component (AddParameter): Name = "Value"; Value = "LED"; VariantName = "[No Variations]"
Added Component: Designator=D6(LED-0805)
Add component (AddParameter): Name = "Manufacturer"; Value = ""; VariantName = "[No Variations]"
Add component (AddParameter): Name = "Part number"; Value = ""; VariantName = "[No Variations]"
Add component (AddParameter): Name = "Unit price"; Value = ""; VariantName = "[No Variations]"
Add component (AddParameter): Name = "Value"; Value = "LED"; VariantName = "[No Variations]"
Added Component: Designator=D7(LED-0805)
Add component (AddParameter): Name = "Manufacturer"; Value = ""; VariantName = "[No Variations]"
Add component (AddParameter): Name = "Part number"; Value = ""; VariantName = "[No Variations]"
Add component (AddParameter): Name = "Unit price"; Value = ""; VariantName = "[No Variations]"
Add component (AddParameter): Name = "Value"; Value = "LED"; VariantName = "[No Variations]"
Added Component: Designator=D8(LED-0805)
Add component (AddParameter): Name = "Manufacturer"; Value = ""; VariantName = "[No Variations]"
Add component (AddParameter): Name = "Part number"; Value = ""; VariantName = "[No Variations]"
Add component (AddParameter): Name = "Unit price"; Value = ""; VariantName = "[No Variations]"
Add component (AddParameter): Name = "Value"; Value = "LED"; VariantName = "[No Variations]"
Added Component: Designator=R1(R0805)
Add component (AddParameter): Name = "Manufacturer"; Value = ""; VariantName = "[No Variations]"
Add component (AddParameter): Name = "Part number"; Value = ""; VariantName = "[No Variations]"
Add component (AddParameter): Name = "Power"; Value = "0.125W"; VariantName = "[No Variations]"
Add component (AddParameter): Name = "Unit price"; Value = "0.1"; VariantName = "[No Variations]"
Add component (AddParameter): Name = "Value"; Value = "1k0"; VariantName = "[No Variations]"
Added Component: Designator=R2(R0805)
Add component (AddParameter): Name = "Manufacturer"; Value = ""; VariantName = "[No Variations]"
Add component (AddParameter): Name = "Part number"; Value = ""; VariantName = "[No Variations]"
Add component (AddParameter): Name = "Power"; Value = "0.125W"; VariantName = "[No Variations]"
Add component (AddParameter): Name = "Unit price"; Value = "0.1"; VariantName = "[No Variations]"
Add component (AddParameter): Name = "Value"; Value = "1k0"; VariantName = "[No Variations]"
Added Component: Designator=R3(R0805)
Add component (AddParameter): Name = "Manufacturer"; Value = ""; VariantName = "[No Variations]"
Add component (AddParameter): Name = "Part number"; Value = ""; VariantName = "[No Variations]"
Add component (AddParameter): Name = "Power"; Value = "0.125W"; VariantName = "[No Variations]"
Add component (AddParameter): Name = "Unit price"; Value = "0.1"; VariantName = "[No Variations]"
Add component (AddParameter): Name = "Value"; Value = "1k0"; VariantName = "[No Variations]"
Added Component: Designator=R4(R0805)
Add component (AddParameter): Name = "Manufacturer"; Value = ""; VariantName = "[No Variations]"
Add component (AddParameter): Name = "Part number"; Value = ""; VariantName = "[No Variations]"
Add component (AddParameter): Name = "Power"; Value = "0.125W"; VariantName = "[No Variations]"
Add component (AddParameter): Name = "Unit price"; Value = "0.1"; VariantName = "[No Variations]"
Add component (AddParameter): Name = "Value"; Value = "1k0"; VariantName = "[No Variations]"
Added Component: Designator=R5(R0805)
Add component (AddParameter): Name = "Manufacturer"; Value = ""; VariantName = "[No Variations]"
Add component (AddParameter): Name = "Part number"; Value = ""; VariantName = "[No Variations]"
Add component (AddParameter): Name = "Power"; Value = "0.125W"; VariantName = "[No Variations]"
Add component (AddParameter): Name = "Unit price"; Value = "0.1"; VariantName = "[No Variations]"
Add component (AddParameter): Name = "Value"; Value = "1k0"; VariantName = "[No Variations]"
Added Component: Designator=R6(R0805)
Add component (AddParameter): Name = "Manufacturer"; Value = ""; VariantName = "[No Variations]"
Add component (AddParameter): Name = "Part number"; Value = ""; VariantName = "[No Variations]"
Add component (AddParameter): Name = "Power"; Value = "0.125W"; VariantName = "[No Variations]"
Add component (AddParameter): Name = "Unit price"; Value = "0.1"; VariantName = "[No Variations]"
Add component (AddParameter): Name = "Value"; Value = "1k0"; VariantName = "[No Variations]"
Added Component: Designator=R7(R0805)
Add component (AddParameter): Name = "Manufacturer"; Value = ""; VariantName = "[No Variations]"
Add component (AddParameter): Name = "Part number"; Value = ""; VariantName = "[No Variations]"
Add component (AddParameter): Name = "Power"; Value = "0.125W"; VariantName = "[No Variations]"
Add component (AddParameter): Name = "Unit price"; Value = "0.1"; VariantName = "[No Variations]"
Add component (AddParameter): Name = "Value"; Value = "1k0"; VariantName = "[No Variations]"
Added Component: Designator=R8(R0805)
Add component (AddParameter): Name = "Manufacturer"; Value = ""; VariantName = "[No Variations]"
Add component (AddParameter): Name = "Part number"; Value = ""; VariantName = "[No Variations]"
Add component (AddParameter): Name = "Power"; Value = "0.125W"; VariantName = "[No Variations]"
Add component (AddParameter): Name = "Unit price"; Value = "0.1"; VariantName = "[No Variations]"
Add component (AddParameter): Name = "Value"; Value = "1k0"; VariantName = "[No Variations]"
Added Component: Designator=U1(28P3)
Add component (AddParameter): Name = "ComponentLink1Description"; Value = "Manufacturer URL"; VariantName = "[No Variations]"
Add component (AddParameter): Name = "ComponentLink1URL"; Value = "http://www.atmel.com/"; VariantName = "[No Variations]"
Add component (AddParameter): Name = "ComponentLink2Description"; Value = "ATmega48A/48PA/88A/88PA/168A/168PA/328/328P Datasheet"; VariantName = "[No Variations]"
Add component (AddParameter): Name = "ComponentLink2URL"; Value = "http://www.atmel.com/dyn/resources/prod_documents/8271.pdf"; VariantName = "[No Variations]"
Add component (AddParameter): Name = "ComponentLink3Description"; Value = "ATmega48A/48PA/88A/88PA/168A/168PA/328/328P Summary"; VariantName = "[No Variations]"
Add component (AddParameter): Name = "ComponentLink3URL"; Value = "http://www.atmel.com/dyn/resources/prod_documents/8271S.pdf"; VariantName = "[No Variations]"
Add component (AddParameter): Name = "DatasheetVersion"; Value = "revD, May-2011"; VariantName = "[No Variations]"
Add component (AddParameter): Name = "PackageDescription"; Value = "28-lead (0.300"/7.62mm Wide) Plastic Dual Inline Package (PDIP)"; VariantName = "[No Variations]"
Add component (AddParameter): Name = "PackageReference"; Value = "28P3"; VariantName = "[No Variations]"
Add component (AddParameter): Name = "PackageVersion"; Value = "revB, Sep-2001"; VariantName = "[No Variations]"
Add component (AddParameter): Name = "RevisionNote"; Value = "DatasheetVersion updated. URLs added."; VariantName = "[No Variations]"
Added Pin To Net: NetName=GND Pin=D1-1
Added Pin To Net: NetName=GND Pin=D2-1
Added Pin To Net: NetName=GND Pin=D3-1
Added Pin To Net: NetName=GND Pin=D4-1
Added Pin To Net: NetName=GND Pin=D5-1
Added Pin To Net: NetName=GND Pin=D6-1
Added Pin To Net: NetName=GND Pin=D7-1
Added Pin To Net: NetName=GND Pin=D8-1
Added Net: Name=GND
Added Pin To Net: NetName=In0 Pin=CN1-8
Added Pin To Net: NetName=In0 Pin=U1-2
Added Net: Name=In0
Added Pin To Net: NetName=In1 Pin=CN1-7
Added Pin To Net: NetName=In1 Pin=U1-3
Added Net: Name=In1
Added Pin To Net: NetName=In2 Pin=CN1-6
Added Pin To Net: NetName=In2 Pin=U1-4
Added Net: Name=In2
Added Pin To Net: NetName=In3 Pin=CN1-5
Added Pin To Net: NetName=In3 Pin=U1-5
Added Net: Name=In3
Added Pin To Net: NetName=In4 Pin=CN1-4
Added Pin To Net: NetName=In4 Pin=U1-6
Added Net: Name=In4
Added Pin To Net: NetName=In5 Pin=CN1-3
Added Pin To Net: NetName=In5 Pin=U1-11
Added Net: Name=In5
Added Pin To Net: NetName=In6 Pin=CN1-2
Added Pin To Net: NetName=In6 Pin=U1-12
Added Net: Name=In6
Added Pin To Net: NetName=In7 Pin=CN1-1
Added Pin To Net: NetName=In7 Pin=U1-13
Added Net: Name=In7
Added Pin To Net: NetName=NetD1_2 Pin=D1-2
Added Pin To Net: NetName=NetD1_2 Pin=R1-1
Added Net: Name=NetD1_2
Added Pin To Net: NetName=NetD2_2 Pin=D2-2
Added Pin To Net: NetName=NetD2_2 Pin=R2-1
Added Net: Name=NetD2_2
Added Pin To Net: NetName=NetD3_2 Pin=D3-2
Added Pin To Net: NetName=NetD3_2 Pin=R3-1
Added Net: Name=NetD3_2
Added Pin To Net: NetName=NetD4_2 Pin=D4-2
Added Pin To Net: NetName=NetD4_2 Pin=R4-1
Added Net: Name=NetD4_2
Added Pin To Net: NetName=NetD5_2 Pin=D5-2
Added Pin To Net: NetName=NetD5_2 Pin=R5-1
Added Net: Name=NetD5_2
Added Pin To Net: NetName=NetD6_2 Pin=D6-2
Added Pin To Net: NetName=NetD6_2 Pin=R6-1
Added Net: Name=NetD6_2
Added Pin To Net: NetName=NetD7_2 Pin=D7-2
Added Pin To Net: NetName=NetD7_2 Pin=R7-1
Added Net: Name=NetD7_2
Added Pin To Net: NetName=NetD8_2 Pin=D8-2
Added Pin To Net: NetName=NetD8_2 Pin=R8-1
Added Net: Name=NetD8_2
Added Pin To Net: NetName=NetU1_8 Pin=U1-8
Added Pin To Net: NetName=NetU1_8 Pin=U1-22
Added Net: Name=NetU1_8
Added Pin To Net: NetName=Out0 Pin=R1-2
Added Pin To Net: NetName=Out0 Pin=U1-14
Added Net: Name=Out0
Added Pin To Net: NetName=Out1 Pin=R2-2
Added Pin To Net: NetName=Out1 Pin=U1-15
Added Net: Name=Out1
Added Pin To Net: NetName=Out2 Pin=R3-2
Added Pin To Net: NetName=Out2 Pin=U1-16
Added Net: Name=Out2
Added Pin To Net: NetName=Out3 Pin=R4-2
Added Pin To Net: NetName=Out3 Pin=U1-17
Added Net: Name=Out3
Added Pin To Net: NetName=Out4 Pin=R5-2
Added Pin To Net: NetName=Out4 Pin=U1-18
Added Net: Name=Out4
Added Pin To Net: NetName=Out5 Pin=R6-2
Added Pin To Net: NetName=Out5 Pin=U1-19
Added Net: Name=Out5
Added Pin To Net: NetName=Out6 Pin=R7-2
Added Pin To Net: NetName=Out6 Pin=U1-9
Added Net: Name=Out6
Added Pin To Net: NetName=Out7 Pin=R8-2
Added Pin To Net: NetName=Out7 Pin=U1-10
Added Net: Name=Out7
Added Pin To Net: NetName=VCC Pin=U1-7
Added Pin To Net: NetName=VCC Pin=U1-20
Added Pin To Net: NetName=VCC Pin=U1-21
Added Net: Name=VCC
Added Class: Name=Avr
Added Class: Name=Block
Added Class: Name=Leds
Added Class: Name=In[0..7]
Added Class: Name=Out[0..7]
Added Room: Name=Avr
Added Room: Name=Block
Added Room: Name=Leds
